<?xml version="1.0" encoding="UTF-8"?>
<testsuite xmlns:xsi="http://www.w3.org/2001/XMLSchema-instance" xsi:noNamespaceSchemaLocation="https://maven.apache.org/surefire/maven-surefire-plugin/xsd/surefire-test-report-3.0.xsd" version="3.0" name="com.bitfly.CurrencyConvertorTest" time="0.063" tests="20" errors="0" skipped="0" failures="0">
  <properties>
[...]
</properties>
  <testcase name="givenAmountZero_whenConversion_dollar_to_yen_thenZero" classname="com.bitfly.CurrencyConvertorTest" time="0.016">
    <system-out><![CDATA[Initialize the Exchange Rate
]]></system-out>
  </testcase>
  <testcase name="givenConversionTypeIsDollarToYen_isInValid" classname="com.bitfly.CurrencyConvertorTest" time="0.001"/>
  <testcase name="givenAmount_whenConversion_dollar_to_yen_thenNull" classname="com.bitfly.CurrencyConvertorTest" time="0.002"/>
  <testcase name="givenFromToCurrencyConversion_with_invalid_conversionType_in_isInValid" classname="com.bitfly.CurrencyConvertorTest" time="0.001"/>
  <testcase name="givenAmountZero_whenConversion_yen_to_dollar_thenZero" classname="com.bitfly.CurrencyConvertorTest" time="0.001"/>
  <testcase name="givenConversionTypeIsDollarToYen_isValid" classname="com.bitfly.CurrencyConvertorTest" time="0.001"/>
  <testcase name="givenAmount_whenConversion_yen_to_dollar_thenNull" classname="com.bitfly.CurrencyConvertorTest" time="0.001"/>
  <testcase name="givenFromToCurrencyConversion_with_less_than_zero_amt_in_isInValid" classname="com.bitfly.CurrencyConvertorTest" time="0.001"/>
  <testcase name="givenAmount_whenConversion_yen_to_dollar_thenNotNull" classname="com.bitfly.CurrencyConvertorTest" time="0.001"/>
  <testcase name="givenConversionTypeIsDollarToYen_with_less_than_zero_amt_isInValid" classname="com.bitfly.CurrencyConvertorTest" time="0.001"/>
  <testcase name="givenConversionTypeIsDollarToYen_with_more_than_zero_amt_isValid" classname="com.bitfly.CurrencyConvertorTest" time="0.001"/>
  <testcase name="givenConversionTypeIsYenToDollar_with_plus_conversionType_isInValid" classname="com.bitfly.CurrencyConvertorTest" time="0.001"/>
  <testcase name="givenAmount_whenConversion_dollar_to_yen_thenNotNull" classname="com.bitfly.CurrencyConvertorTest" time="0"/>
  <testcase name="givenConversionTypeIsYenToDollar_with_less_than_zero_amt_isValid" classname="com.bitfly.CurrencyConvertorTest" time="0.001"/>
  <testcase name="givenConversionTypeIsDollarToYen_with_minus_conversionType_isInValid" classname="com.bitfly.CurrencyConvertorTest" time="0"/>
  <testcase name="givenConversionTypeIsYenToDollar_isValid" classname="com.bitfly.CurrencyConvertorTest" time="0.001"/>
  <testcase name="givenConversionTypeIsYenToDollar_isInValid" classname="com.bitfly.CurrencyConvertorTest" time="0"/>
  <testcase name="givenConversionTypeIsYenToDollar_with_more_than_zero_amt_isValid" classname="com.bitfly.CurrencyConvertorTest" time="0.001"/>
  <testcase name="givenConversionTypeIsDollarToYen_with_zero_amt_isInValid" classname="com.bitfly.CurrencyConvertorTest" time="0.001"/>
  <testcase name="givenConversionTypeIsYenToDollar_with_zero_amt__isInValid" classname="com.bitfly.CurrencyConvertorTest" time="0"/>
</testsuite>